<?xml version="1.0" encoding="UTF-8"?>
<!-- Generated by org.testng.reporters.JUnitReportReporter -->
<testsuite hostname="DESKTOP-8UK5MOB" failures="0" tests="1" name="useful.ExtentReportTest2" time="12.155" errors="0" timestamp="03 Sep 2020 19:38:47 GMT" skipped="0">
  <testcase classname="useful.ExtentReportTest2" name="test1_validLoginTest" time="12.155"/>
</testsuite> <!-- useful.ExtentReportTest2 -->
