<?xml version="1.0" encoding="UTF-8"?>
<!-- Generated by org.testng.reporters.JUnitReportReporter -->
<testsuite hostname="DESKTOP-8UK5MOB" failures="0" tests="2" name="testNg.NewTest" time="0.022" errors="0" timestamp="31 Aug 2020 10:05:03 GMT" skipped="0">
  <testcase classname="testNg.NewTest" name="f" time="0.003"/>
  <testcase classname="testNg.NewTest" name="f" time="0.019"/>
</testsuite> <!-- testNg.NewTest -->
